<?xml version="1.0" encoding="UTF-8"?>
<coverage generated="1540379700698" clover="3.2.0">
  <project timestamp="1540379700698" name="All files">
    <metrics statements="47" coveredstatements="47" conditionals="16" coveredconditionals="16" methods="9" coveredmethods="9" elements="72" coveredelements="72" complexity="0" loc="47" ncloc="47" packages="2" files="3" classes="3">
      <package name="helpers">
        <metrics statements="22" coveredstatements="22" conditionals="8" coveredconditionals="8" methods="3" coveredmethods="3"/>
        <file name="data-parser.js" path="/Users/sushmamurthy/Documents/Personal/MyCodes/dius/bowling/src/helpers/data-parser.js">
          <metrics statements="10" coveredstatements="10" conditionals="4" coveredconditionals="4" methods="2" coveredmethods="2"/>
          <line num="1" count="1" type="stmt"/>
          <line num="4" count="3" type="stmt"/>
          <line num="8" count="10" type="cond" truecount="2" falsecount="0"/>
          <line num="9" count="1" type="stmt"/>
          <line num="11" count="9" type="stmt"/>
          <line num="14" count="3" type="stmt"/>
          <line num="15" count="9" type="cond" truecount="2" falsecount="0"/>
          <line num="16" count="2" type="stmt"/>
          <line num="24" count="1" type="stmt"/>
          <line num="27" count="1" type="stmt"/>
        </file>
        <file name="file-reader.js" path="/Users/sushmamurthy/Documents/Personal/MyCodes/dius/bowling/src/helpers/file-reader.js">
          <metrics statements="12" coveredstatements="12" conditionals="4" coveredconditionals="4" methods="1" coveredmethods="1"/>
          <line num="1" count="1" type="stmt"/>
          <line num="3" count="1" type="stmt"/>
          <line num="5" count="4" type="stmt"/>
          <line num="7" count="4" type="cond" truecount="2" falsecount="0"/>
          <line num="8" count="2" type="stmt"/>
          <line num="13" count="2" type="stmt"/>
          <line num="14" count="2" type="stmt"/>
          <line num="15" count="2" type="cond" truecount="2" falsecount="0"/>
          <line num="16" count="1" type="stmt"/>
          <line num="18" count="1" type="stmt"/>
          <line num="20" count="1" type="stmt"/>
          <line num="26" count="1" type="stmt"/>
        </file>
      </package>
      <package name="models">
        <metrics statements="25" coveredstatements="25" conditionals="8" coveredconditionals="8" methods="6" coveredmethods="6"/>
        <file name="bowling-game.js" path="/Users/sushmamurthy/Documents/Personal/MyCodes/dius/bowling/src/models/bowling-game.js">
          <metrics statements="25" coveredstatements="25" conditionals="8" coveredconditionals="8" methods="6" coveredmethods="6"/>
          <line num="3" count="9" type="stmt"/>
          <line num="7" count="17" type="stmt"/>
          <line num="12" count="21" type="stmt"/>
          <line num="16" count="21" type="stmt"/>
          <line num="17" count="21" type="stmt"/>
          <line num="20" count="21" type="stmt"/>
          <line num="21" count="50" type="cond" truecount="2" falsecount="0"/>
          <line num="22" count="50" type="stmt"/>
          <line num="23" count="50" type="stmt"/>
          <line num="25" count="21" type="stmt"/>
          <line num="29" count="34" type="stmt"/>
          <line num="33" count="7" type="stmt"/>
          <line num="34" count="7" type="stmt"/>
          <line num="36" count="7" type="stmt"/>
          <line num="37" count="70" type="cond" truecount="2" falsecount="0"/>
          <line num="38" count="21" type="cond" truecount="2" falsecount="0"/>
          <line num="39" count="4" type="stmt"/>
          <line num="40" count="4" type="stmt"/>
          <line num="41" count="17" type="cond" truecount="2" falsecount="0"/>
          <line num="42" count="4" type="stmt"/>
          <line num="43" count="4" type="stmt"/>
          <line num="45" count="13" type="stmt"/>
          <line num="46" count="13" type="stmt"/>
          <line num="51" count="7" type="stmt"/>
          <line num="55" count="1" type="stmt"/>
        </file>
      </package>
    </metrics>
  </project>
</coverage>
