{"/Users/sushmamurthy/Documents/Personal/MyCodes/dius/bowling/src/helpers/data-parser.js": {"path":"/Users/sushmamurthy/Documents/Personal/MyCodes/dius/bowling/src/helpers/data-parser.js","statementMap":{"0":{"start":{"line":1,"column":18},"end":{"line":25,"column":1}},"1":{"start":{"line":4,"column":24},"end":{"line":12,"column":6}},"2":{"start":{"line":8,"column":6},"end":{"line":10,"column":7}},"3":{"start":{"line":9,"column":8},"end":{"line":9,"column":18}},"4":{"start":{"line":11,"column":6},"end":{"line":11,"column":28}},"5":{"start":{"line":14,"column":2},"end":{"line":22,"column":3}},"6":{"start":{"line":15,"column":4},"end":{"line":21,"column":5}},"7":{"start":{"line":16,"column":6},"end":{"line":20,"column":8}},"8":{"start":{"line":24,"column":2},"end":{"line":24,"column":40}},"9":{"start":{"line":27,"column":0},"end":{"line":27,"column":31}}},"fnMap":{"0":{"name":"(anonymous_0)","decl":{"start":{"line":1,"column":18},"end":{"line":1,"column":19}},"loc":{"start":{"line":1,"column":30},"end":{"line":25,"column":1}},"line":1},"1":{"name":"(anonymous_1)","decl":{"start":{"line":7,"column":9},"end":{"line":7,"column":10}},"loc":{"start":{"line":7,"column":17},"end":{"line":12,"column":5}},"line":7}},"branchMap":{"0":{"loc":{"start":{"line":8,"column":6},"end":{"line":10,"column":7}},"type":"if","locations":[{"start":{"line":8,"column":6},"end":{"line":10,"column":7}},{"start":{"line":8,"column":6},"end":{"line":10,"column":7}}],"line":8},"1":{"loc":{"start":{"line":15,"column":4},"end":{"line":21,"column":5}},"type":"if","locations":[{"start":{"line":15,"column":4},"end":{"line":21,"column":5}},{"start":{"line":15,"column":4},"end":{"line":21,"column":5}}],"line":15}},"s":{"0":1,"1":3,"2":10,"3":1,"4":9,"5":3,"6":9,"7":2,"8":1,"9":1},"f":{"0":3,"1":10},"b":{"0":[1,9],"1":[2,7]},"_coverageSchema":"332fd63041d2c1bcb487cc26dd0d5f7d97098a6c","hash":"794ba500936a63f2020c8f03fbfdf3ea4f631904"}
,"/Users/sushmamurthy/Documents/Personal/MyCodes/dius/bowling/src/helpers/file-reader.js": {"path":"/Users/sushmamurthy/Documents/Personal/MyCodes/dius/bowling/src/helpers/file-reader.js","statementMap":{"0":{"start":{"line":1,"column":11},"end":{"line":1,"column":24}},"1":{"start":{"line":3,"column":22},"end":{"line":24,"column":1}},"2":{"start":{"line":5,"column":21},"end":{"line":5,"column":40}},"3":{"start":{"line":7,"column":2},"end":{"line":11,"column":3}},"4":{"start":{"line":8,"column":4},"end":{"line":10,"column":6}},"5":{"start":{"line":13,"column":2},"end":{"line":23,"column":3}},"6":{"start":{"line":14,"column":21},"end":{"line":14,"column":54}},"7":{"start":{"line":15,"column":4},"end":{"line":17,"column":5}},"8":{"start":{"line":16,"column":6},"end":{"line":16,"column":24}},"9":{"start":{"line":18,"column":4},"end":{"line":18,"column":37}},"10":{"start":{"line":20,"column":4},"end":{"line":22,"column":6}},"11":{"start":{"line":26,"column":0},"end":{"line":26,"column":35}}},"fnMap":{"0":{"name":"(anonymous_0)","decl":{"start":{"line":3,"column":22},"end":{"line":3,"column":23}},"loc":{"start":{"line":3,"column":34},"end":{"line":24,"column":1}},"line":3}},"branchMap":{"0":{"loc":{"start":{"line":7,"column":2},"end":{"line":11,"column":3}},"type":"if","locations":[{"start":{"line":7,"column":2},"end":{"line":11,"column":3}},{"start":{"line":7,"column":2},"end":{"line":11,"column":3}}],"line":7},"1":{"loc":{"start":{"line":15,"column":4},"end":{"line":17,"column":5}},"type":"if","locations":[{"start":{"line":15,"column":4},"end":{"line":17,"column":5}},{"start":{"line":15,"column":4},"end":{"line":17,"column":5}}],"line":15}},"s":{"0":1,"1":1,"2":4,"3":4,"4":2,"5":2,"6":2,"7":2,"8":1,"9":1,"10":1,"11":1},"f":{"0":4},"b":{"0":[2,2],"1":[1,1]},"_coverageSchema":"332fd63041d2c1bcb487cc26dd0d5f7d97098a6c","hash":"251897c9d9df1b02e9721b6cca25858d3e2d45a3"}
,"/Users/sushmamurthy/Documents/Personal/MyCodes/dius/bowling/src/models/bowling-game.js": {"path":"/Users/sushmamurthy/Documents/Personal/MyCodes/dius/bowling/src/models/bowling-game.js","statementMap":{"0":{"start":{"line":3,"column":4},"end":{"line":3,"column":20}},"1":{"start":{"line":7,"column":4},"end":{"line":7,"column":68}},"2":{"start":{"line":12,"column":4},"end":{"line":12,"column":40}},"3":{"start":{"line":16,"column":16},"end":{"line":16,"column":17}},"4":{"start":{"line":17,"column":12},"end":{"line":17,"column":13}},"5":{"start":{"line":20,"column":4},"end":{"line":24,"column":5}},"6":{"start":{"line":21,"column":6},"end":{"line":21,"column":76}},"7":{"start":{"line":22,"column":6},"end":{"line":22,"column":18}},"8":{"start":{"line":23,"column":6},"end":{"line":23,"column":10}},"9":{"start":{"line":25,"column":4},"end":{"line":25,"column":17}},"10":{"start":{"line":29,"column":4},"end":{"line":29,"column":26}},"11":{"start":{"line":33,"column":21},"end":{"line":33,"column":22}},"12":{"start":{"line":34,"column":20},"end":{"line":34,"column":21}},"13":{"start":{"line":36,"column":4},"end":{"line":49,"column":5}},"14":{"start":{"line":37,"column":6},"end":{"line":48,"column":7}},"15":{"start":{"line":38,"column":8},"end":{"line":47,"column":9}},"16":{"start":{"line":39,"column":10},"end":{"line":39,"column":58}},"17":{"start":{"line":40,"column":10},"end":{"line":40,"column":22}},"18":{"start":{"line":41,"column":15},"end":{"line":47,"column":9}},"19":{"start":{"line":42,"column":10},"end":{"line":42,"column":58}},"20":{"start":{"line":43,"column":10},"end":{"line":43,"column":25}},"21":{"start":{"line":45,"column":10},"end":{"line":45,"column":58}},"22":{"start":{"line":46,"column":10},"end":{"line":46,"column":25}},"23":{"start":{"line":51,"column":4},"end":{"line":51,"column":22}},"24":{"start":{"line":55,"column":0},"end":{"line":55,"column":29}}},"fnMap":{"0":{"name":"(anonymous_0)","decl":{"start":{"line":2,"column":2},"end":{"line":2,"column":3}},"loc":{"start":{"line":2,"column":16},"end":{"line":4,"column":3}},"line":2},"1":{"name":"(anonymous_1)","decl":{"start":{"line":6,"column":2},"end":{"line":6,"column":3}},"loc":{"start":{"line":6,"column":22},"end":{"line":8,"column":3}},"line":6},"2":{"name":"(anonymous_2)","decl":{"start":{"line":11,"column":2},"end":{"line":11,"column":3}},"loc":{"start":{"line":11,"column":23},"end":{"line":13,"column":3}},"line":11},"3":{"name":"(anonymous_3)","decl":{"start":{"line":15,"column":2},"end":{"line":15,"column":3}},"loc":{"start":{"line":15,"column":44},"end":{"line":26,"column":3}},"line":15},"4":{"name":"(anonymous_4)","decl":{"start":{"line":28,"column":2},"end":{"line":28,"column":3}},"loc":{"start":{"line":28,"column":13},"end":{"line":30,"column":3}},"line":28},"5":{"name":"(anonymous_5)","decl":{"start":{"line":32,"column":2},"end":{"line":32,"column":3}},"loc":{"start":{"line":32,"column":10},"end":{"line":52,"column":3}},"line":32}},"branchMap":{"0":{"loc":{"start":{"line":21,"column":15},"end":{"line":21,"column":75}},"type":"binary-expr","locations":[{"start":{"line":21,"column":15},"end":{"line":21,"column":50}},{"start":{"line":21,"column":54},"end":{"line":21,"column":75}}],"line":21},"1":{"loc":{"start":{"line":37,"column":6},"end":{"line":48,"column":7}},"type":"if","locations":[{"start":{"line":37,"column":6},"end":{"line":48,"column":7}},{"start":{"line":37,"column":6},"end":{"line":48,"column":7}}],"line":37},"2":{"loc":{"start":{"line":38,"column":8},"end":{"line":47,"column":9}},"type":"if","locations":[{"start":{"line":38,"column":8},"end":{"line":47,"column":9}},{"start":{"line":38,"column":8},"end":{"line":47,"column":9}}],"line":38},"3":{"loc":{"start":{"line":41,"column":15},"end":{"line":47,"column":9}},"type":"if","locations":[{"start":{"line":41,"column":15},"end":{"line":47,"column":9}},{"start":{"line":41,"column":15},"end":{"line":47,"column":9}}],"line":41}},"s":{"0":8,"1":17,"2":21,"3":21,"4":21,"5":21,"6":50,"7":50,"8":50,"9":21,"10":34,"11":7,"12":7,"13":7,"14":70,"15":21,"16":4,"17":4,"18":17,"19":4,"20":4,"21":13,"22":13,"23":7,"24":1},"f":{"0":8,"1":17,"2":21,"3":21,"4":34,"5":7},"b":{"0":[50,46],"1":[21,49],"2":[4,17],"3":[4,13]},"_coverageSchema":"332fd63041d2c1bcb487cc26dd0d5f7d97098a6c","hash":"b51348d6d5a49f8e04c3db84e863dac487481132"}
}
