TN:
SF:/Users/sushmamurthy/Documents/Personal/MyCodes/dius/bowling/src/helpers/data-parser.js
FN:1,(anonymous_0)
FN:7,(anonymous_1)
FNF:2
FNH:2
FNDA:3,(anonymous_0)
FNDA:10,(anonymous_1)
DA:1,1
DA:4,3
DA:8,10
DA:9,1
DA:11,9
DA:14,3
DA:15,9
DA:16,2
DA:24,1
DA:27,1
LF:10
LH:10
BRDA:8,0,0,1
BRDA:8,0,1,9
BRDA:15,1,0,2
BRDA:15,1,1,7
BRF:4
BRH:4
end_of_record
TN:
SF:/Users/sushmamurthy/Documents/Personal/MyCodes/dius/bowling/src/helpers/file-reader.js
FN:3,(anonymous_0)
FNF:1
FNH:1
FNDA:4,(anonymous_0)
DA:1,1
DA:3,1
DA:5,4
DA:7,4
DA:8,2
DA:13,2
DA:14,2
DA:15,2
DA:16,1
DA:18,1
DA:20,1
DA:26,1
LF:12
LH:12
BRDA:7,0,0,2
BRDA:7,0,1,2
BRDA:15,1,0,1
BRDA:15,1,1,1
BRF:4
BRH:4
end_of_record
TN:
SF:/Users/sushmamurthy/Documents/Personal/MyCodes/dius/bowling/src/models/bowling-game.js
FN:2,(anonymous_0)
FN:6,(anonymous_1)
FN:11,(anonymous_2)
FN:15,(anonymous_3)
FN:28,(anonymous_4)
FN:32,(anonymous_5)
FNF:6
FNH:6
FNDA:8,(anonymous_0)
FNDA:17,(anonymous_1)
FNDA:21,(anonymous_2)
FNDA:21,(anonymous_3)
FNDA:34,(anonymous_4)
FNDA:7,(anonymous_5)
DA:3,8
DA:7,17
DA:12,21
DA:16,21
DA:17,21
DA:20,21
DA:21,50
DA:22,50
DA:23,50
DA:25,21
DA:29,34
DA:33,7
DA:34,7
DA:36,7
DA:37,70
DA:38,21
DA:39,4
DA:40,4
DA:41,17
DA:42,4
DA:43,4
DA:45,13
DA:46,13
DA:51,7
DA:55,1
LF:25
LH:25
BRDA:21,0,0,50
BRDA:21,0,1,46
BRDA:37,1,0,21
BRDA:37,1,1,49
BRDA:38,2,0,4
BRDA:38,2,1,17
BRDA:41,3,0,4
BRDA:41,3,1,13
BRF:8
BRH:8
end_of_record
